<?xml version="1.0" encoding="UTF-8"?>
<!-- Generated by org.testng.reporters.JUnitReportReporter -->
<testsuite hostname="Tunga" failures="0" tests="1" name="TestFaceBookLoginPage" time="22.795" errors="0" timestamp="2024-09-18T11:45:16 IST" skipped="0">
  <testcase classname="TestFaceBookLoginPage" name="testFB" time="22.795"/>
</testsuite> <!-- TestFaceBookLoginPage -->
