<?xml version="1.0" encoding="UTF-8"?>
<!-- Generated by org.testng.reporters.JUnitReportReporter -->
<testsuite hostname="Tunga" failures="0" tests="1" name="lerhestNumber" time="0.011" errors="0" timestamp="2024-09-18T11:55:30 IST" skipped="0">
  <testcase classname="lerhestNumber" name="findTheLargestNumber" time="0.011"/>
</testsuite> <!-- lerhestNumber -->
